# JRE version: OpenJDK Runtime Environment Temurin-17.0.13+11 (17.0.13+11) (build 17.0.13+11)
# Java VM: OpenJDK 64-Bit Server VM Temurin-17.0.13+11 (17.0.13+11, mixed mode, tiered, compressed oops, compressed class ptrs, parallel gc, windows-amd64)
GC Precious Log:
 CPUs: 8 total, 8 available
 Memory: 8066M
 Large Page Support: Disabled
 NUMA Support: Disabled
 Compressed Oops: Enabled (32-bit)
 Alignments: Space 512K, Generation 512K, Heap 2M
 Heap Min Capacity: 100M
 Heap Initial Capacity: 100M
 Heap Max Capacity: 1G
 Pre-touch: Disabled
 Parallel Workers: 8
Heap:
 PSYoungGen      total 23040K, used 6478K [0x00000000eab00000, 0x00000000ecb00000, 0x0000000100000000)
  eden space 19456K, 15% used [0x00000000eab00000,0x00000000eae006b8,0x00000000ebe00000)
  from space 3584K, 95% used [0x00000000ec780000,0x00000000ecad34c0,0x00000000ecb00000)
  to   space 5632K, 0% used [0x00000000ec000000,0x00000000ec000000,0x00000000ec580000)
 ParOldGen       total 236544K, used 190442K [0x00000000c0000000, 0x00000000ce700000, 0x00000000eab00000)
  object space 236544K, 80% used [0x00000000c0000000,0x00000000cb9fab28,0x00000000ce700000)
 Metaspace       used 68168K, committed 69376K, reserved 1114112K
  class space    used 6945K, committed 7488K, reserved 1048576K
GC Heap History (20 events):
Event: 84.996 GC heap before
{Heap before GC invocations=368 (full 14):
 PSYoungGen      total 37376K, used 37364K [0x00000000eab00000, 0x00000000ef600000, 0x0000000100000000)
  eden space 19456K, 100% used [0x00000000eab00000,0x00000000ebe00000,0x00000000ebe00000)
  from space 17920K, 99% used [0x00000000ed600000,0x00000000ee77d1f0,0x00000000ee780000)
  to   space 24576K, 0% used [0x00000000ebe00000,0x00000000ebe00000,0x00000000ed600000)
 ParOldGen       total 358912K, used 325965K [0x00000000c0000000, 0x00000000d5e80000, 0x00000000eab00000)
  object space 358912K, 90% used [0x00000000c0000000,0x00000000d3e536d0,0x00000000d5e80000)
 Metaspace       used 65776K, committed 66816K, reserved 1114112K
  class space    used 6750K, committed 7168K, reserved 1048576K
}
Event: 85.020 GC heap after
{Heap after GC invocations=368 (full 14):
 PSYoungGen      total 22016K, used 2300K [0x00000000eab00000, 0x00000000ed680000, 0x0000000100000000)
  eden space 19456K, 0% used [0x00000000eab00000,0x00000000eab00000,0x00000000ebe00000)
  from space 2560K, 89% used [0x00000000ebe00000,0x00000000ec03f200,0x00000000ec080000)
  to   space 10240K, 0% used [0x00000000ecc80000,0x00000000ecc80000,0x00000000ed680000)
 ParOldGen       total 358912K, used 343886K [0x00000000c0000000, 0x00000000d5e80000, 0x00000000eab00000)
  object space 358912K, 95% used [0x00000000c0000000,0x00000000d4fd3a78,0x00000000d5e80000)
 Metaspace       used 65776K, committed 66816K, reserved 1114112K
  class space    used 6750K, committed 7168K, reserved 1048576K
}
Event: 85.843 GC heap before
{Heap before GC invocations=369 (full 15):
 PSYoungGen      total 22016K, used 21756K [0x00000000eab00000, 0x00000000ed680000, 0x0000000100000000)
  eden space 19456K, 100% used [0x00000000eab00000,0x00000000ebe00000,0x00000000ebe00000)
  from space 2560K, 89% used [0x00000000ebe00000,0x00000000ec03f200,0x00000000ec080000)
  to   space 10240K, 0% used [0x00000000ecc80000,0x00000000ecc80000,0x00000000ed680000)
 ParOldGen       total 358912K, used 343886K [0x00000000c0000000, 0x00000000d5e80000, 0x00000000eab00000)
  object space 358912K, 95% used [0x00000000c0000000,0x00000000d4fd3a78,0x00000000d5e80000)
 Metaspace       used 65948K, committed 66944K, reserved 1114112K
  class space    used 6750K, committed 7168K, reserved 1048576K
}
Event: 86.033 GC heap after
{Heap after GC invocations=369 (full 15):
 PSYoungGen      total 25088K, used 0K [0x00000000eab00000, 0x00000000ed200000, 0x0000000100000000)
  eden space 19456K, 0% used [0x00000000eab00000,0x00000000eab00000,0x00000000ebe00000)
  from space 5632K, 0% used [0x00000000ecc80000,0x00000000ecc80000,0x00000000ed200000)
  to   space 10240K, 0% used [0x00000000ebe00000,0x00000000ebe00000,0x00000000ec800000)
 ParOldGen       total 236544K, used 182435K [0x00000000c0000000, 0x00000000ce700000, 0x00000000eab00000)
  object space 236544K, 77% used [0x00000000c0000000,0x00000000cb228f80,0x00000000ce700000)
 Metaspace       used 65948K, committed 66944K, reserved 1114112K
  class space    used 6750K, committed 7168K, reserved 1048576K
}
Event: 86.553 GC heap before
{Heap before GC invocations=370 (full 15):
 PSYoungGen      total 25088K, used 19456K [0x00000000eab00000, 0x00000000ed200000, 0x0000000100000000)
  eden space 19456K, 100% used [0x00000000eab00000,0x00000000ebe00000,0x00000000ebe00000)
  from space 5632K, 0% used [0x00000000ecc80000,0x00000000ecc80000,0x00000000ed200000)
  to   space 10240K, 0% used [0x00000000ebe00000,0x00000000ebe00000,0x00000000ec800000)
 ParOldGen       total 236544K, used 182435K [0x00000000c0000000, 0x00000000ce700000, 0x00000000eab00000)
  object space 236544K, 77% used [0x00000000c0000000,0x00000000cb228f80,0x00000000ce700000)
 Metaspace       used 66075K, committed 67136K, reserved 1114112K
  class space    used 6750K, committed 7168K, reserved 1048576K
}
Event: 86.563 GC heap after
{Heap after GC invocations=370 (full 15):
 PSYoungGen      total 29696K, used 2720K [0x00000000eab00000, 0x00000000ecd00000, 0x0000000100000000)
  eden space 19456K, 0% used [0x00000000eab00000,0x00000000eab00000,0x00000000ebe00000)
  from space 10240K, 26% used [0x00000000ebe00000,0x00000000ec0a8000,0x00000000ec800000)
  to   space 4096K, 0% used [0x00000000ec900000,0x00000000ec900000,0x00000000ecd00000)
 ParOldGen       total 236544K, used 182443K [0x00000000c0000000, 0x00000000ce700000, 0x00000000eab00000)
  object space 236544K, 77% used [0x00000000c0000000,0x00000000cb22af80,0x00000000ce700000)
 Metaspace       used 66075K, committed 67136K, reserved 1114112K
  class space    used 6750K, committed 7168K, reserved 1048576K
}
Event: 87.034 GC heap before
{Heap before GC invocations=371 (full 15):
 PSYoungGen      total 29696K, used 22176K [0x00000000eab00000, 0x00000000ecd00000, 0x0000000100000000)
  eden space 19456K, 100% used [0x00000000eab00000,0x00000000ebe00000,0x00000000ebe00000)
  from space 10240K, 26% used [0x00000000ebe00000,0x00000000ec0a8000,0x00000000ec800000)
  to   space 4096K, 0% used [0x00000000ec900000,0x00000000ec900000,0x00000000ecd00000)
 ParOldGen       total 236544K, used 182443K [0x00000000c0000000, 0x00000000ce700000, 0x00000000eab00000)
  object space 236544K, 77% used [0x00000000c0000000,0x00000000cb22af80,0x00000000ce700000)
 Metaspace       used 66162K, committed 67200K, reserved 1114112K
  class space    used 6750K, committed 7168K, reserved 1048576K
}
Event: 87.039 GC heap after
{Heap after GC invocations=371 (full 15):
 PSYoungGen      total 23040K, used 3508K [0x00000000eab00000, 0x00000000ecc80000, 0x0000000100000000)
  eden space 19456K, 0% used [0x00000000eab00000,0x00000000eab00000,0x00000000ebe00000)
  from space 3584K, 97% used [0x00000000ec900000,0x00000000ecc6d1e8,0x00000000ecc80000)
  to   space 4096K, 0% used [0x00000000ec480000,0x00000000ec480000,0x00000000ec880000)
 ParOldGen       total 236544K, used 182443K [0x00000000c0000000, 0x00000000ce700000, 0x00000000eab00000)
  object space 236544K, 77% used [0x00000000c0000000,0x00000000cb22af80,0x00000000ce700000)
 Metaspace       used 66162K, committed 67200K, reserved 1114112K
  class space    used 6750K, committed 7168K, reserved 1048576K
}
Event: 87.604 GC heap before
{Heap before GC invocations=372 (full 15):
 PSYoungGen      total 23040K, used 22964K [0x00000000eab00000, 0x00000000ecc80000, 0x0000000100000000)
  eden space 19456K, 100% used [0x00000000eab00000,0x00000000ebe00000,0x00000000ebe00000)
  from space 3584K, 97% used [0x00000000ec900000,0x00000000ecc6d1e8,0x00000000ecc80000)
  to   space 4096K, 0% used [0x00000000ec480000,0x00000000ec480000,0x00000000ec880000)
 ParOldGen       total 236544K, used 182443K [0x00000000c0000000, 0x00000000ce700000, 0x00000000eab00000)
  object space 236544K, 77% used [0x00000000c0000000,0x00000000cb22af80,0x00000000ce700000)
 Metaspace       used 66229K, committed 67264K, reserved 1114112K
  class space    used 6750K, committed 7168K, reserved 1048576K
}
Event: 87.609 GC heap after
{Heap after GC invocations=372 (full 15):
 PSYoungGen      total 22016K, used 2471K [0x00000000eab00000, 0x00000000ec980000, 0x0000000100000000)
  eden space 19456K, 0% used [0x00000000eab00000,0x00000000eab00000,0x00000000ebe00000)
  from space 2560K, 96% used [0x00000000ec480000,0x00000000ec6e9c38,0x00000000ec700000)
  to   space 2560K, 0% used [0x00000000ec700000,0x00000000ec700000,0x00000000ec980000)
 ParOldGen       total 236544K, used 182443K [0x00000000c0000000, 0x00000000ce700000, 0x00000000eab00000)
  object space 236544K, 77% used [0x00000000c0000000,0x00000000cb22af80,0x00000000ce700000)
 Metaspace       used 66229K, committed 67264K, reserved 1114112K
  class space    used 6750K, committed 7168K, reserved 1048576K
}
Event: 88.040 GC heap before
{Heap before GC invocations=373 (full 15):
 PSYoungGen      total 22016K, used 21927K [0x00000000eab00000, 0x00000000ec980000, 0x0000000100000000)
  eden space 19456K, 100% used [0x00000000eab00000,0x00000000ebe00000,0x00000000ebe00000)
  from space 2560K, 96% used [0x00000000ec480000,0x00000000ec6e9c38,0x00000000ec700000)
  to   space 2560K, 0% used [0x00000000ec700000,0x00000000ec700000,0x00000000ec980000)
 ParOldGen       total 236544K, used 182443K [0x00000000c0000000, 0x00000000ce700000, 0x00000000eab00000)
  object space 236544K, 77% used [0x00000000c0000000,0x00000000cb22af80,0x00000000ce700000)
 Metaspace       used 66281K, committed 67328K, reserved 1114112K
  class space    used 6750K, committed 7168K, reserved 1048576K
}
Event: 88.043 GC heap after
{Heap after GC invocations=373 (full 15):
 PSYoungGen      total 22016K, used 2540K [0x00000000eab00000, 0x00000000ec980000, 0x0000000100000000)
  eden space 19456K, 0% used [0x00000000eab00000,0x00000000eab00000,0x00000000ebe00000)
  from space 2560K, 99% used [0x00000000ec700000,0x00000000ec97b190,0x00000000ec980000)
  to   space 3072K, 0% used [0x00000000ec380000,0x00000000ec380000,0x00000000ec680000)
 ParOldGen       total 236544K, used 182563K [0x00000000c0000000, 0x00000000ce700000, 0x00000000eab00000)
  object space 236544K, 77% used [0x00000000c0000000,0x00000000cb248f80,0x00000000ce700000)
 Metaspace       used 66281K, committed 67328K, reserved 1114112K
  class space    used 6750K, committed 7168K, reserved 1048576K
}
Event: 88.534 GC heap before
{Heap before GC invocations=374 (full 15):
 PSYoungGen      total 22016K, used 21996K [0x00000000eab00000, 0x00000000ec980000, 0x0000000100000000)
  eden space 19456K, 100% used [0x00000000eab00000,0x00000000ebe00000,0x00000000ebe00000)
  from space 2560K, 99% used [0x00000000ec700000,0x00000000ec97b190,0x00000000ec980000)
  to   space 3072K, 0% used [0x00000000ec380000,0x00000000ec380000,0x00000000ec680000)
 ParOldGen       total 236544K, used 182563K [0x00000000c0000000, 0x00000000ce700000, 0x00000000eab00000)
  object space 236544K, 77% used [0x00000000c0000000,0x00000000cb248f80,0x00000000ce700000)
 Metaspace       used 66387K, committed 67520K, reserved 1114112K
  class space    used 6754K, committed 7232K, reserved 1048576K
}
Event: 88.539 GC heap after
{Heap after GC invocations=374 (full 15):
 PSYoungGen      total 22016K, used 2167K [0x00000000eab00000, 0x00000000ec780000, 0x0000000100000000)
  eden space 19456K, 0% used [0x00000000eab00000,0x00000000eab00000,0x00000000ebe00000)
  from space 2560K, 84% used [0x00000000ec380000,0x00000000ec59dda8,0x00000000ec600000)
  to   space 1536K, 0% used [0x00000000ec600000,0x00000000ec600000,0x00000000ec780000)
 ParOldGen       total 236544K, used 183728K [0x00000000c0000000, 0x00000000ce700000, 0x00000000eab00000)
  object space 236544K, 77% used [0x00000000c0000000,0x00000000cb36c128,0x00000000ce700000)
 Metaspace       used 66387K, committed 67520K, reserved 1114112K
  class space    used 6754K, committed 7232K, reserved 1048576K
}
Event: 89.419 GC heap before
{Heap before GC invocations=375 (full 15):
 PSYoungGen      total 22016K, used 21623K [0x00000000eab00000, 0x00000000ec780000, 0x0000000100000000)
  eden space 19456K, 100% used [0x00000000eab00000,0x00000000ebe00000,0x00000000ebe00000)
  from space 2560K, 84% used [0x00000000ec380000,0x00000000ec59dda8,0x00000000ec600000)
  to   space 1536K, 0% used [0x00000000ec600000,0x00000000ec600000,0x00000000ec780000)
 ParOldGen       total 236544K, used 183728K [0x00000000c0000000, 0x00000000ce700000, 0x00000000eab00000)
  object space 236544K, 77% used [0x00000000c0000000,0x00000000cb36c128,0x00000000ce700000)
 Metaspace       used 66415K, committed 67520K, reserved 1114112K
  class space    used 6754K, committed 7232K, reserved 1048576K
}
Event: 89.425 GC heap after
{Heap after GC invocations=375 (full 15):
 PSYoungGen      total 20992K, used 1505K [0x00000000eab00000, 0x00000000ec780000, 0x0000000100000000)
  eden space 19456K, 0% used [0x00000000eab00000,0x00000000eab00000,0x00000000ebe00000)
  from space 1536K, 98% used [0x00000000ec600000,0x00000000ec778578,0x00000000ec780000)
  to   space 4608K, 0% used [0x00000000ebe80000,0x00000000ebe80000,0x00000000ec300000)
 ParOldGen       total 236544K, used 186144K [0x00000000c0000000, 0x00000000ce700000, 0x00000000eab00000)
  object space 236544K, 78% used [0x00000000c0000000,0x00000000cb5c83b8,0x00000000ce700000)
 Metaspace       used 66415K, committed 67520K, reserved 1114112K
  class space    used 6754K, committed 7232K, reserved 1048576K
}
Event: 89.766 GC heap before
{Heap before GC invocations=376 (full 15):
 PSYoungGen      total 20992K, used 20926K [0x00000000eab00000, 0x00000000ec780000, 0x0000000100000000)
  eden space 19456K, 99% used [0x00000000eab00000,0x00000000ebdf7340,0x00000000ebe00000)
  from space 1536K, 98% used [0x00000000ec600000,0x00000000ec778578,0x00000000ec780000)
  to   space 4608K, 0% used [0x00000000ebe80000,0x00000000ebe80000,0x00000000ec300000)
 ParOldGen       total 236544K, used 186144K [0x00000000c0000000, 0x00000000ce700000, 0x00000000eab00000)
  object space 236544K, 78% used [0x00000000c0000000,0x00000000cb5c83b8,0x00000000ce700000)
 Metaspace       used 66443K, committed 67520K, reserved 1114112K
  class space    used 6755K, committed 7232K, reserved 1048576K
}
Event: 89.774 GC heap after
{Heap after GC invocations=376 (full 15):
 PSYoungGen      total 24064K, used 4589K [0x00000000eab00000, 0x00000000ed100000, 0x0000000100000000)
  eden space 19456K, 0% used [0x00000000eab00000,0x00000000eab00000,0x00000000ebe00000)
  from space 4608K, 99% used [0x00000000ebe80000,0x00000000ec2fb568,0x00000000ec300000)
  to   space 9728K, 0% used [0x00000000ec780000,0x00000000ec780000,0x00000000ed100000)
 ParOldGen       total 236544K, used 190178K [0x00000000c0000000, 0x00000000ce700000, 0x00000000eab00000)
  object space 236544K, 80% used [0x00000000c0000000,0x00000000cb9b8b28,0x00000000ce700000)
 Metaspace       used 66443K, committed 67520K, reserved 1114112K
  class space    used 6755K, committed 7232K, reserved 1048576K
}
Event: 104.194 GC heap before
{Heap before GC invocations=377 (full 15):
 PSYoungGen      total 24064K, used 23993K [0x00000000eab00000, 0x00000000ed100000, 0x0000000100000000)
  eden space 19456K, 99% used [0x00000000eab00000,0x00000000ebdf2f28,0x00000000ebe00000)
  from space 4608K, 99% used [0x00000000ebe80000,0x00000000ec2fb568,0x00000000ec300000)
  to   space 9728K, 0% used [0x00000000ec780000,0x00000000ec780000,0x00000000ed100000)
 ParOldGen       total 236544K, used 190178K [0x00000000c0000000, 0x00000000ce700000, 0x00000000eab00000)
  object space 236544K, 80% used [0x00000000c0000000,0x00000000cb9b8b28,0x00000000ce700000)
 Metaspace       used 67881K, committed 68992K, reserved 1114112K
  class space    used 6924K, committed 7360K, reserved 1048576K
}
Event: 104.200 GC heap after
{Heap after GC invocations=377 (full 15):
 PSYoungGen      total 23040K, used 3405K [0x00000000eab00000, 0x00000000ecb00000, 0x0000000100000000)
  eden space 19456K, 0% used [0x00000000eab00000,0x00000000eab00000,0x00000000ebe00000)
  from space 3584K, 95% used [0x00000000ec780000,0x00000000ecad34c0,0x00000000ecb00000)
  to   space 5632K, 0% used [0x00000000ec000000,0x00000000ec000000,0x00000000ec580000)
 ParOldGen       total 236544K, used 190442K [0x00000000c0000000, 0x00000000ce700000, 0x00000000eab00000)
  object space 236544K, 80% used [0x00000000c0000000,0x00000000cb9fab28,0x00000000ce700000)
 Metaspace       used 67881K, committed 68992K, reserved 1114112K
  class space    used 6924K, committed 7360K, reserved 1048576K
}

