# JRE version: OpenJDK Runtime Environment Temurin-17.0.13+11 (17.0.13+11) (build 17.0.13+11)
# Java VM: OpenJDK 64-Bit Server VM Temurin-17.0.13+11 (17.0.13+11, mixed mode, tiered, compressed oops, compressed class ptrs, parallel gc, windows-amd64)
GC Precious Log:
 CPUs: 8 total, 8 available
 Memory: 8066M
 Large Page Support: Disabled
 NUMA Support: Disabled
 Compressed Oops: Enabled (32-bit)
 Alignments: Space 512K, Generation 512K, Heap 2M
 Heap Min Capacity: 100M
 Heap Initial Capacity: 100M
 Heap Max Capacity: 1G
 Pre-touch: Disabled
 Parallel Workers: 8
Heap:
 PSYoungGen      total 9728K, used 2100K [0x00000000eab00000, 0x00000000eb800000, 0x0000000100000000)
  eden space 7680K, 3% used [0x00000000eab00000,0x00000000eab3d0c0,0x00000000eb280000)
  from space 2048K, 90% used [0x00000000eb280000,0x00000000eb450020,0x00000000eb480000)
  to   space 2560K, 0% used [0x00000000eb580000,0x00000000eb580000,0x00000000eb800000)
 ParOldGen       total 358400K, used 350739K [0x00000000c0000000, 0x00000000d5e00000, 0x00000000eab00000)
  object space 358400K, 97% used [0x00000000c0000000,0x00000000d5684f38,0x00000000d5e00000)
 Metaspace       used 66848K, committed 67904K, reserved 1114112K
  class space    used 6869K, committed 7360K, reserved 1048576K
GC Heap History (20 events):
Event: 76.503 GC heap before
{Heap before GC invocations=479 (full 17):
 PSYoungGen      total 10240K, used 10227K [0x00000000eab00000, 0x00000000ebf00000, 0x0000000100000000)
  eden space 4096K, 100% used [0x00000000eab00000,0x00000000eaf00000,0x00000000eaf00000)
  from space 6144K, 99% used [0x00000000eaf00000,0x00000000eb4fcc60,0x00000000eb500000)
  to   space 8192K, 0% used [0x00000000eb700000,0x00000000eb700000,0x00000000ebf00000)
 ParOldGen       total 358400K, used 340867K [0x00000000c0000000, 0x00000000d5e00000, 0x00000000eab00000)
  object space 358400K, 95% used [0x00000000c0000000,0x00000000d4ce0e58,0x00000000d5e00000)
 Metaspace       used 65660K, committed 66688K, reserved 1114112K
  class space    used 6736K, committed 7168K, reserved 1048576K
}
Event: 76.514 GC heap after
{Heap after GC invocations=479 (full 17):
 PSYoungGen      total 11264K, used 6247K [0x00000000eab00000, 0x00000000ebd80000, 0x0000000100000000)
  eden space 4608K, 0% used [0x00000000eab00000,0x00000000eab00000,0x00000000eaf80000)
  from space 6656K, 93% used [0x00000000eb700000,0x00000000ebd19fa0,0x00000000ebd80000)
  to   space 6656K, 0% used [0x00000000eb080000,0x00000000eb080000,0x00000000eb700000)
 ParOldGen       total 358400K, used 343219K [0x00000000c0000000, 0x00000000d5e00000, 0x00000000eab00000)
  object space 358400K, 95% used [0x00000000c0000000,0x00000000d4f2cfd8,0x00000000d5e00000)
 Metaspace       used 65660K, committed 66688K, reserved 1114112K
  class space    used 6736K, committed 7168K, reserved 1048576K
}
Event: 77.632 GC heap before
{Heap before GC invocations=480 (full 17):
 PSYoungGen      total 11264K, used 10855K [0x00000000eab00000, 0x00000000ebd80000, 0x0000000100000000)
  eden space 4608K, 100% used [0x00000000eab00000,0x00000000eaf80000,0x00000000eaf80000)
  from space 6656K, 93% used [0x00000000eb700000,0x00000000ebd19fa0,0x00000000ebd80000)
  to   space 6656K, 0% used [0x00000000eb080000,0x00000000eb080000,0x00000000eb700000)
 ParOldGen       total 358400K, used 343219K [0x00000000c0000000, 0x00000000d5e00000, 0x00000000eab00000)
  object space 358400K, 95% used [0x00000000c0000000,0x00000000d4f2cfd8,0x00000000d5e00000)
 Metaspace       used 65813K, committed 66752K, reserved 1114112K
  class space    used 6752K, committed 7168K, reserved 1048576K
}
Event: 77.644 GC heap after
{Heap after GC invocations=480 (full 17):
 PSYoungGen      total 11776K, used 6631K [0x00000000eab00000, 0x00000000ebe00000, 0x0000000100000000)
  eden space 5120K, 0% used [0x00000000eab00000,0x00000000eab00000,0x00000000eb000000)
  from space 6656K, 99% used [0x00000000eb080000,0x00000000eb6f9fa0,0x00000000eb700000)
  to   space 7168K, 0% used [0x00000000eb700000,0x00000000eb700000,0x00000000ebe00000)
 ParOldGen       total 358400K, used 343291K [0x00000000c0000000, 0x00000000d5e00000, 0x00000000eab00000)
  object space 358400K, 95% used [0x00000000c0000000,0x00000000d4f3efd8,0x00000000d5e00000)
 Metaspace       used 65813K, committed 66752K, reserved 1114112K
  class space    used 6752K, committed 7168K, reserved 1048576K
}
Event: 77.659 GC heap before
{Heap before GC invocations=481 (full 17):
 PSYoungGen      total 11776K, used 11751K [0x00000000eab00000, 0x00000000ebe00000, 0x0000000100000000)
  eden space 5120K, 100% used [0x00000000eab00000,0x00000000eb000000,0x00000000eb000000)
  from space 6656K, 99% used [0x00000000eb080000,0x00000000eb6f9fa0,0x00000000eb700000)
  to   space 7168K, 0% used [0x00000000eb700000,0x00000000eb700000,0x00000000ebe00000)
 ParOldGen       total 358400K, used 343291K [0x00000000c0000000, 0x00000000d5e00000, 0x00000000eab00000)
  object space 358400K, 95% used [0x00000000c0000000,0x00000000d4f3efd8,0x00000000d5e00000)
 Metaspace       used 65813K, committed 66752K, reserved 1114112K
  class space    used 6752K, committed 7168K, reserved 1048576K
}
Event: 77.673 GC heap after
{Heap after GC invocations=481 (full 17):
 PSYoungGen      total 9216K, used 3424K [0x00000000eab00000, 0x00000000eba80000, 0x0000000100000000)
  eden space 5632K, 0% used [0x00000000eab00000,0x00000000eab00000,0x00000000eb080000)
  from space 3584K, 95% used [0x00000000eb700000,0x00000000eba58000,0x00000000eba80000)
  to   space 5120K, 0% used [0x00000000eb080000,0x00000000eb080000,0x00000000eb580000)
 ParOldGen       total 358400K, used 346975K [0x00000000c0000000, 0x00000000d5e00000, 0x00000000eab00000)
  object space 358400K, 96% used [0x00000000c0000000,0x00000000d52d7f38,0x00000000d5e00000)
 Metaspace       used 65813K, committed 66752K, reserved 1114112K
  class space    used 6752K, committed 7168K, reserved 1048576K
}
Event: 77.846 GC heap before
{Heap before GC invocations=482 (full 17):
 PSYoungGen      total 9216K, used 9056K [0x00000000eab00000, 0x00000000eba80000, 0x0000000100000000)
  eden space 5632K, 100% used [0x00000000eab00000,0x00000000eb080000,0x00000000eb080000)
  from space 3584K, 95% used [0x00000000eb700000,0x00000000eba58000,0x00000000eba80000)
  to   space 5120K, 0% used [0x00000000eb080000,0x00000000eb080000,0x00000000eb580000)
 ParOldGen       total 358400K, used 346975K [0x00000000c0000000, 0x00000000d5e00000, 0x00000000eab00000)
  object space 358400K, 96% used [0x00000000c0000000,0x00000000d52d7f38,0x00000000d5e00000)
 Metaspace       used 65817K, committed 66752K, reserved 1114112K
  class space    used 6752K, committed 7168K, reserved 1048576K
}
Event: 77.853 GC heap after
{Heap after GC invocations=482 (full 17):
 PSYoungGen      total 10752K, used 4132K [0x00000000eab00000, 0x00000000eba00000, 0x0000000100000000)
  eden space 5632K, 0% used [0x00000000eab00000,0x00000000eab00000,0x00000000eb080000)
  from space 5120K, 80% used [0x00000000eb080000,0x00000000eb489000,0x00000000eb580000)
  to   space 4608K, 0% used [0x00000000eb580000,0x00000000eb580000,0x00000000eba00000)
 ParOldGen       total 358400K, used 346975K [0x00000000c0000000, 0x00000000d5e00000, 0x00000000eab00000)
  object space 358400K, 96% used [0x00000000c0000000,0x00000000d52d7f38,0x00000000d5e00000)
 Metaspace       used 65817K, committed 66752K, reserved 1114112K
  class space    used 6752K, committed 7168K, reserved 1048576K
}
Event: 77.891 GC heap before
{Heap before GC invocations=483 (full 17):
 PSYoungGen      total 10752K, used 9764K [0x00000000eab00000, 0x00000000eba00000, 0x0000000100000000)
  eden space 5632K, 100% used [0x00000000eab00000,0x00000000eb080000,0x00000000eb080000)
  from space 5120K, 80% used [0x00000000eb080000,0x00000000eb489000,0x00000000eb580000)
  to   space 4608K, 0% used [0x00000000eb580000,0x00000000eb580000,0x00000000eba00000)
 ParOldGen       total 358400K, used 346975K [0x00000000c0000000, 0x00000000d5e00000, 0x00000000eab00000)
  object space 358400K, 96% used [0x00000000c0000000,0x00000000d52d7f38,0x00000000d5e00000)
 Metaspace       used 65817K, committed 66752K, reserved 1114112K
  class space    used 6752K, committed 7168K, reserved 1048576K
}
Event: 77.898 GC heap after
{Heap after GC invocations=483 (full 17):
 PSYoungGen      total 10752K, used 4502K [0x00000000eab00000, 0x00000000eba80000, 0x0000000100000000)
  eden space 6144K, 0% used [0x00000000eab00000,0x00000000eab00000,0x00000000eb100000)
  from space 4608K, 97% used [0x00000000eb580000,0x00000000eb9e58c8,0x00000000eba00000)
  to   space 4608K, 0% used [0x00000000eb100000,0x00000000eb100000,0x00000000eb580000)
 ParOldGen       total 358400K, used 346975K [0x00000000c0000000, 0x00000000d5e00000, 0x00000000eab00000)
  object space 358400K, 96% used [0x00000000c0000000,0x00000000d52d7f38,0x00000000d5e00000)
 Metaspace       used 65817K, committed 66752K, reserved 1114112K
  class space    used 6752K, committed 7168K, reserved 1048576K
}
Event: 78.004 GC heap before
{Heap before GC invocations=484 (full 17):
 PSYoungGen      total 10752K, used 10646K [0x00000000eab00000, 0x00000000eba80000, 0x0000000100000000)
  eden space 6144K, 100% used [0x00000000eab00000,0x00000000eb100000,0x00000000eb100000)
  from space 4608K, 97% used [0x00000000eb580000,0x00000000eb9e58c8,0x00000000eba00000)
  to   space 4608K, 0% used [0x00000000eb100000,0x00000000eb100000,0x00000000eb580000)
 ParOldGen       total 358400K, used 346975K [0x00000000c0000000, 0x00000000d5e00000, 0x00000000eab00000)
  object space 358400K, 96% used [0x00000000c0000000,0x00000000d52d7f38,0x00000000d5e00000)
 Metaspace       used 65824K, committed 66752K, reserved 1114112K
  class space    used 6753K, committed 7168K, reserved 1048576K
}
Event: 78.014 GC heap after
{Heap after GC invocations=484 (full 17):
 PSYoungGen      total 10752K, used 4598K [0x00000000eab00000, 0x00000000ebc80000, 0x0000000100000000)
  eden space 6144K, 0% used [0x00000000eab00000,0x00000000eab00000,0x00000000eb100000)
  from space 4608K, 99% used [0x00000000eb100000,0x00000000eb57d8c8,0x00000000eb580000)
  to   space 5632K, 0% used [0x00000000eb700000,0x00000000eb700000,0x00000000ebc80000)
 ParOldGen       total 358400K, used 347439K [0x00000000c0000000, 0x00000000d5e00000, 0x00000000eab00000)
  object space 358400K, 96% used [0x00000000c0000000,0x00000000d534bf38,0x00000000d5e00000)
 Metaspace       used 65824K, committed 66752K, reserved 1114112K
  class space    used 6753K, committed 7168K, reserved 1048576K
}
Event: 78.565 GC heap before
{Heap before GC invocations=485 (full 17):
 PSYoungGen      total 10752K, used 10742K [0x00000000eab00000, 0x00000000ebc80000, 0x0000000100000000)
  eden space 6144K, 100% used [0x00000000eab00000,0x00000000eb100000,0x00000000eb100000)
  from space 4608K, 99% used [0x00000000eb100000,0x00000000eb57d8c8,0x00000000eb580000)
  to   space 5632K, 0% used [0x00000000eb700000,0x00000000eb700000,0x00000000ebc80000)
 ParOldGen       total 358400K, used 347439K [0x00000000c0000000, 0x00000000d5e00000, 0x00000000eab00000)
  object space 358400K, 96% used [0x00000000c0000000,0x00000000d534bf38,0x00000000d5e00000)
 Metaspace       used 65935K, committed 66944K, reserved 1114112K
  class space    used 6767K, committed 7232K, reserved 1048576K
}
Event: 78.574 GC heap after
{Heap after GC invocations=485 (full 17):
 PSYoungGen      total 10240K, used 3076K [0x00000000eab00000, 0x00000000eba80000, 0x0000000100000000)
  eden space 6656K, 0% used [0x00000000eab00000,0x00000000eab00000,0x00000000eb180000)
  from space 3584K, 85% used [0x00000000eb700000,0x00000000eba01000,0x00000000eba80000)
  to   space 4096K, 0% used [0x00000000eb280000,0x00000000eb280000,0x00000000eb680000)
 ParOldGen       total 358400K, used 349727K [0x00000000c0000000, 0x00000000d5e00000, 0x00000000eab00000)
  object space 358400K, 97% used [0x00000000c0000000,0x00000000d5587f38,0x00000000d5e00000)
 Metaspace       used 65935K, committed 66944K, reserved 1114112K
  class space    used 6767K, committed 7232K, reserved 1048576K
}
Event: 79.549 GC heap before
{Heap before GC invocations=486 (full 17):
 PSYoungGen      total 10240K, used 9633K [0x00000000eab00000, 0x00000000eba80000, 0x0000000100000000)
  eden space 6656K, 98% used [0x00000000eab00000,0x00000000eb1674c8,0x00000000eb180000)
  from space 3584K, 85% used [0x00000000eb700000,0x00000000eba01000,0x00000000eba80000)
  to   space 4096K, 0% used [0x00000000eb280000,0x00000000eb280000,0x00000000eb680000)
 ParOldGen       total 358400K, used 349727K [0x00000000c0000000, 0x00000000d5e00000, 0x00000000eab00000)
  object space 358400K, 97% used [0x00000000c0000000,0x00000000d5587f38,0x00000000d5e00000)
 Metaspace       used 66019K, committed 67008K, reserved 1114112K
  class space    used 6768K, committed 7232K, reserved 1048576K
}
Event: 79.556 GC heap after
{Heap after GC invocations=486 (full 17):
 PSYoungGen      total 11264K, used 4078K [0x00000000eab00000, 0x00000000ebb00000, 0x0000000100000000)
  eden space 7168K, 0% used [0x00000000eab00000,0x00000000eab00000,0x00000000eb200000)
  from space 4096K, 99% used [0x00000000eb280000,0x00000000eb67bb98,0x00000000eb680000)
  to   space 4608K, 0% used [0x00000000eb680000,0x00000000eb680000,0x00000000ebb00000)
 ParOldGen       total 358400K, used 349743K [0x00000000c0000000, 0x00000000d5e00000, 0x00000000eab00000)
  object space 358400K, 97% used [0x00000000c0000000,0x00000000d558bf38,0x00000000d5e00000)
 Metaspace       used 66019K, committed 67008K, reserved 1114112K
  class space    used 6768K, committed 7232K, reserved 1048576K
}
Event: 80.119 GC heap before
{Heap before GC invocations=487 (full 17):
 PSYoungGen      total 11264K, used 11221K [0x00000000eab00000, 0x00000000ebb00000, 0x0000000100000000)
  eden space 7168K, 99% used [0x00000000eab00000,0x00000000eb1f98e8,0x00000000eb200000)
  from space 4096K, 99% used [0x00000000eb280000,0x00000000eb67bb98,0x00000000eb680000)
  to   space 4608K, 0% used [0x00000000eb680000,0x00000000eb680000,0x00000000ebb00000)
 ParOldGen       total 358400K, used 349743K [0x00000000c0000000, 0x00000000d5e00000, 0x00000000eab00000)
  object space 358400K, 97% used [0x00000000c0000000,0x00000000d558bf38,0x00000000d5e00000)
 Metaspace       used 66527K, committed 67584K, reserved 1114112K
  class space    used 6808K, committed 7296K, reserved 1048576K
}
Event: 80.124 GC heap after
{Heap after GC invocations=487 (full 17):
 PSYoungGen      total 10752K, used 2552K [0x00000000eab00000, 0x00000000eb980000, 0x0000000100000000)
  eden space 7680K, 0% used [0x00000000eab00000,0x00000000eab00000,0x00000000eb280000)
  from space 3072K, 83% used [0x00000000eb680000,0x00000000eb8fe3e8,0x00000000eb980000)
  to   space 3584K, 0% used [0x00000000eb280000,0x00000000eb280000,0x00000000eb600000)
 ParOldGen       total 358400K, used 350731K [0x00000000c0000000, 0x00000000d5e00000, 0x00000000eab00000)
  object space 358400K, 97% used [0x00000000c0000000,0x00000000d5682f38,0x00000000d5e00000)
 Metaspace       used 66527K, committed 67584K, reserved 1114112K
  class space    used 6808K, committed 7296K, reserved 1048576K
}
Event: 80.289 GC heap before
{Heap before GC invocations=488 (full 17):
 PSYoungGen      total 10752K, used 10216K [0x00000000eab00000, 0x00000000eb980000, 0x0000000100000000)
  eden space 7680K, 99% used [0x00000000eab00000,0x00000000eb27bee0,0x00000000eb280000)
  from space 3072K, 83% used [0x00000000eb680000,0x00000000eb8fe3e8,0x00000000eb980000)
  to   space 3584K, 0% used [0x00000000eb280000,0x00000000eb280000,0x00000000eb600000)
 ParOldGen       total 358400K, used 350731K [0x00000000c0000000, 0x00000000d5e00000, 0x00000000eab00000)
  object space 358400K, 97% used [0x00000000c0000000,0x00000000d5682f38,0x00000000d5e00000)
 Metaspace       used 66840K, committed 67904K, reserved 1114112K
  class space    used 6868K, committed 7360K, reserved 1048576K
}
Event: 80.295 GC heap after
{Heap after GC invocations=488 (full 17):
 PSYoungGen      total 9728K, used 1856K [0x00000000eab00000, 0x00000000eb800000, 0x0000000100000000)
  eden space 7680K, 0% used [0x00000000eab00000,0x00000000eab00000,0x00000000eb280000)
  from space 2048K, 90% used [0x00000000eb280000,0x00000000eb450020,0x00000000eb480000)
  to   space 2560K, 0% used [0x00000000eb580000,0x00000000eb580000,0x00000000eb800000)
 ParOldGen       total 358400K, used 350739K [0x00000000c0000000, 0x00000000d5e00000, 0x00000000eab00000)
  object space 358400K, 97% used [0x00000000c0000000,0x00000000d5684f38,0x00000000d5e00000)
 Metaspace       used 66840K, committed 67904K, reserved 1114112K
  class space    used 6868K, committed 7360K, reserved 1048576K
}

