# JRE version: OpenJDK Runtime Environment Temurin-17.0.13+11 (17.0.13+11) (build 17.0.13+11)
# Java VM: OpenJDK 64-Bit Server VM Temurin-17.0.13+11 (17.0.13+11, mixed mode, tiered, compressed oops, compressed class ptrs, parallel gc, windows-amd64)
GC Precious Log:
 CPUs: 8 total, 8 available
 Memory: 8066M
 Large Page Support: Disabled
 NUMA Support: Disabled
 Compressed Oops: Enabled (32-bit)
 Alignments: Space 512K, Generation 512K, Heap 2M
 Heap Min Capacity: 100M
 Heap Initial Capacity: 100M
 Heap Max Capacity: 1G
 Pre-touch: Disabled
 Parallel Workers: 8
Heap:
 PSYoungGen      total 16384K, used 2454K [0x00000000eab00000, 0x00000000ebd00000, 0x0000000100000000)
  eden space 15360K, 13% used [0x00000000eab00000,0x00000000ead178d0,0x00000000eba00000)
  from space 1024K, 30% used [0x00000000ebb80000,0x00000000ebbce210,0x00000000ebc80000)
  to   space 512K, 0% used [0x00000000ebc80000,0x00000000ebc80000,0x00000000ebd00000)
 ParOldGen       total 68608K, used 43903K [0x00000000c0000000, 0x00000000c4300000, 0x00000000eab00000)
  object space 68608K, 63% used [0x00000000c0000000,0x00000000c2adfe68,0x00000000c4300000)
 Metaspace       used 52750K, committed 53760K, reserved 1114112K
  class space    used 5248K, committed 5696K, reserved 1048576K
GC Heap History (20 events):
Event: 60.284 GC heap before
{Heap before GC invocations=28 (full 2):
 PSYoungGen      total 19968K, used 19619K [0x00000000eab00000, 0x00000000ec200000, 0x0000000100000000)
  eden space 17408K, 100% used [0x00000000eab00000,0x00000000ebc00000,0x00000000ebc00000)
  from space 2560K, 86% used [0x00000000ebc00000,0x00000000ebe28f58,0x00000000ebe80000)
  to   space 3072K, 0% used [0x00000000ebf00000,0x00000000ebf00000,0x00000000ec200000)
 ParOldGen       total 68608K, used 34405K [0x00000000c0000000, 0x00000000c4300000, 0x00000000eab00000)
  object space 68608K, 50% used [0x00000000c0000000,0x00000000c2199468,0x00000000c4300000)
 Metaspace       used 51566K, committed 52544K, reserved 1114112K
  class space    used 5215K, committed 5632K, reserved 1048576K
}
Event: 60.290 GC heap after
{Heap after GC invocations=28 (full 2):
 PSYoungGen      total 19456K, used 1603K [0x00000000eab00000, 0x00000000ec100000, 0x0000000100000000)
  eden space 17408K, 0% used [0x00000000eab00000,0x00000000eab00000,0x00000000ebc00000)
  from space 2048K, 78% used [0x00000000ebf00000,0x00000000ec090dd0,0x00000000ec100000)
  to   space 2048K, 0% used [0x00000000ebd00000,0x00000000ebd00000,0x00000000ebf00000)
 ParOldGen       total 68608K, used 35358K [0x00000000c0000000, 0x00000000c4300000, 0x00000000eab00000)
  object space 68608K, 51% used [0x00000000c0000000,0x00000000c2287b80,0x00000000c4300000)
 Metaspace       used 51566K, committed 52544K, reserved 1114112K
  class space    used 5215K, committed 5632K, reserved 1048576K
}
Event: 64.884 GC heap before
{Heap before GC invocations=29 (full 2):
 PSYoungGen      total 19456K, used 19011K [0x00000000eab00000, 0x00000000ec100000, 0x0000000100000000)
  eden space 17408K, 100% used [0x00000000eab00000,0x00000000ebc00000,0x00000000ebc00000)
  from space 2048K, 78% used [0x00000000ebf00000,0x00000000ec090dd0,0x00000000ec100000)
  to   space 2048K, 0% used [0x00000000ebd00000,0x00000000ebd00000,0x00000000ebf00000)
 ParOldGen       total 68608K, used 35358K [0x00000000c0000000, 0x00000000c4300000, 0x00000000eab00000)
  object space 68608K, 51% used [0x00000000c0000000,0x00000000c2287b80,0x00000000c4300000)
 Metaspace       used 51765K, committed 52800K, reserved 1114112K
  class space    used 5221K, committed 5696K, reserved 1048576K
}
Event: 64.891 GC heap after
{Heap after GC invocations=29 (full 2):
 PSYoungGen      total 17920K, used 484K [0x00000000eab00000, 0x00000000ebf80000, 0x0000000100000000)
  eden space 17408K, 0% used [0x00000000eab00000,0x00000000eab00000,0x00000000ebc00000)
  from space 512K, 94% used [0x00000000ebd00000,0x00000000ebd793e8,0x00000000ebd80000)
  to   space 1024K, 0% used [0x00000000ebe80000,0x00000000ebe80000,0x00000000ebf80000)
 ParOldGen       total 68608K, used 36397K [0x00000000c0000000, 0x00000000c4300000, 0x00000000eab00000)
  object space 68608K, 53% used [0x00000000c0000000,0x00000000c238b640,0x00000000c4300000)
 Metaspace       used 51765K, committed 52800K, reserved 1114112K
  class space    used 5221K, committed 5696K, reserved 1048576K
}
Event: 90.562 GC heap before
{Heap before GC invocations=30 (full 2):
 PSYoungGen      total 17920K, used 16984K [0x00000000eab00000, 0x00000000ebf80000, 0x0000000100000000)
  eden space 17408K, 94% used [0x00000000eab00000,0x00000000ebb1cc80,0x00000000ebc00000)
  from space 512K, 94% used [0x00000000ebd00000,0x00000000ebd793e8,0x00000000ebd80000)
  to   space 1024K, 0% used [0x00000000ebe80000,0x00000000ebe80000,0x00000000ebf80000)
 ParOldGen       total 68608K, used 36397K [0x00000000c0000000, 0x00000000c4300000, 0x00000000eab00000)
  object space 68608K, 53% used [0x00000000c0000000,0x00000000c238b640,0x00000000c4300000)
 Metaspace       used 52055K, committed 53056K, reserved 1114112K
  class space    used 5231K, committed 5696K, reserved 1048576K
}
Event: 90.566 GC heap after
{Heap after GC invocations=30 (full 2):
 PSYoungGen      total 18432K, used 933K [0x00000000eab00000, 0x00000000ebf80000, 0x0000000100000000)
  eden space 17408K, 0% used [0x00000000eab00000,0x00000000eab00000,0x00000000ebc00000)
  from space 1024K, 91% used [0x00000000ebe80000,0x00000000ebf69550,0x00000000ebf80000)
  to   space 1024K, 0% used [0x00000000ebd80000,0x00000000ebd80000,0x00000000ebe80000)
 ParOldGen       total 68608K, used 36741K [0x00000000c0000000, 0x00000000c4300000, 0x00000000eab00000)
  object space 68608K, 53% used [0x00000000c0000000,0x00000000c23e1470,0x00000000c4300000)
 Metaspace       used 52055K, committed 53056K, reserved 1114112K
  class space    used 5231K, committed 5696K, reserved 1048576K
}
Event: 90.772 GC heap before
{Heap before GC invocations=31 (full 2):
 PSYoungGen      total 18432K, used 18010K [0x00000000eab00000, 0x00000000ebf80000, 0x0000000100000000)
  eden space 17408K, 98% used [0x00000000eab00000,0x00000000ebbad428,0x00000000ebc00000)
  from space 1024K, 91% used [0x00000000ebe80000,0x00000000ebf69550,0x00000000ebf80000)
  to   space 1024K, 0% used [0x00000000ebd80000,0x00000000ebd80000,0x00000000ebe80000)
 ParOldGen       total 68608K, used 36741K [0x00000000c0000000, 0x00000000c4300000, 0x00000000eab00000)
  object space 68608K, 53% used [0x00000000c0000000,0x00000000c23e1470,0x00000000c4300000)
 Metaspace       used 52074K, committed 53056K, reserved 1114112K
  class space    used 5231K, committed 5696K, reserved 1048576K
}
Event: 90.779 GC heap after
{Heap after GC invocations=31 (full 2):
 PSYoungGen      total 18432K, used 942K [0x00000000eab00000, 0x00000000ebf00000, 0x0000000100000000)
  eden space 17408K, 0% used [0x00000000eab00000,0x00000000eab00000,0x00000000ebc00000)
  from space 1024K, 92% used [0x00000000ebd80000,0x00000000ebe6baa0,0x00000000ebe80000)
  to   space 512K, 0% used [0x00000000ebe80000,0x00000000ebe80000,0x00000000ebf00000)
 ParOldGen       total 68608K, used 38976K [0x00000000c0000000, 0x00000000c4300000, 0x00000000eab00000)
  object space 68608K, 56% used [0x00000000c0000000,0x00000000c26102c8,0x00000000c4300000)
 Metaspace       used 52074K, committed 53056K, reserved 1114112K
  class space    used 5231K, committed 5696K, reserved 1048576K
}
Event: 91.914 GC heap before
{Heap before GC invocations=32 (full 2):
 PSYoungGen      total 18432K, used 18020K [0x00000000eab00000, 0x00000000ebf00000, 0x0000000100000000)
  eden space 17408K, 98% used [0x00000000eab00000,0x00000000ebbad828,0x00000000ebc00000)
  from space 1024K, 92% used [0x00000000ebd80000,0x00000000ebe6baa0,0x00000000ebe80000)
  to   space 512K, 0% used [0x00000000ebe80000,0x00000000ebe80000,0x00000000ebf00000)
 ParOldGen       total 68608K, used 38976K [0x00000000c0000000, 0x00000000c4300000, 0x00000000eab00000)
  object space 68608K, 56% used [0x00000000c0000000,0x00000000c26102c8,0x00000000c4300000)
 Metaspace       used 52179K, committed 53184K, reserved 1114112K
  class space    used 5235K, committed 5696K, reserved 1048576K
}
Event: 91.920 GC heap after
{Heap after GC invocations=32 (full 2):
 PSYoungGen      total 15872K, used 495K [0x00000000eab00000, 0x00000000ec500000, 0x0000000100000000)
  eden space 15360K, 0% used [0x00000000eab00000,0x00000000eab00000,0x00000000eba00000)
  from space 512K, 96% used [0x00000000ebe80000,0x00000000ebefbd00,0x00000000ebf00000)
  to   space 4608K, 0% used [0x00000000eba00000,0x00000000eba00000,0x00000000ebe80000)
 ParOldGen       total 68608K, used 42397K [0x00000000c0000000, 0x00000000c4300000, 0x00000000eab00000)
  object space 68608K, 61% used [0x00000000c0000000,0x00000000c29675d0,0x00000000c4300000)
 Metaspace       used 52179K, committed 53184K, reserved 1114112K
  class space    used 5235K, committed 5696K, reserved 1048576K
}
Event: 92.202 GC heap before
{Heap before GC invocations=33 (full 2):
 PSYoungGen      total 15872K, used 15855K [0x00000000eab00000, 0x00000000ec500000, 0x0000000100000000)
  eden space 15360K, 100% used [0x00000000eab00000,0x00000000eba00000,0x00000000eba00000)
  from space 512K, 96% used [0x00000000ebe80000,0x00000000ebefbd00,0x00000000ebf00000)
  to   space 4608K, 0% used [0x00000000eba00000,0x00000000eba00000,0x00000000ebe80000)
 ParOldGen       total 68608K, used 42397K [0x00000000c0000000, 0x00000000c4300000, 0x00000000eab00000)
  object space 68608K, 61% used [0x00000000c0000000,0x00000000c29675d0,0x00000000c4300000)
 Metaspace       used 52239K, committed 53248K, reserved 1114112K
  class space    used 5235K, committed 5696K, reserved 1048576K
}
Event: 92.204 GC heap after
{Heap after GC invocations=33 (full 2):
 PSYoungGen      total 15872K, used 288K [0x00000000eab00000, 0x00000000ebf00000, 0x0000000100000000)
  eden space 15360K, 0% used [0x00000000eab00000,0x00000000eab00000,0x00000000eba00000)
  from space 512K, 56% used [0x00000000eba00000,0x00000000eba48000,0x00000000eba80000)
  to   space 2048K, 0% used [0x00000000ebd00000,0x00000000ebd00000,0x00000000ebf00000)
 ParOldGen       total 68608K, used 42961K [0x00000000c0000000, 0x00000000c4300000, 0x00000000eab00000)
  object space 68608K, 62% used [0x00000000c0000000,0x00000000c29f4420,0x00000000c4300000)
 Metaspace       used 52239K, committed 53248K, reserved 1114112K
  class space    used 5235K, committed 5696K, reserved 1048576K
}
Event: 92.420 GC heap before
{Heap before GC invocations=34 (full 2):
 PSYoungGen      total 15872K, used 15619K [0x00000000eab00000, 0x00000000ebf00000, 0x0000000100000000)
  eden space 15360K, 99% used [0x00000000eab00000,0x00000000eb9f8c28,0x00000000eba00000)
  from space 512K, 56% used [0x00000000eba00000,0x00000000eba48000,0x00000000eba80000)
  to   space 2048K, 0% used [0x00000000ebd00000,0x00000000ebd00000,0x00000000ebf00000)
 ParOldGen       total 68608K, used 42961K [0x00000000c0000000, 0x00000000c4300000, 0x00000000eab00000)
  object space 68608K, 62% used [0x00000000c0000000,0x00000000c29f4420,0x00000000c4300000)
 Metaspace       used 52315K, committed 53376K, reserved 1114112K
  class space    used 5235K, committed 5696K, reserved 1048576K
}
Event: 92.426 GC heap after
{Heap after GC invocations=34 (full 2):
 PSYoungGen      total 17408K, used 2032K [0x00000000eab00000, 0x00000000ec000000, 0x0000000100000000)
  eden space 15360K, 0% used [0x00000000eab00000,0x00000000eab00000,0x00000000eba00000)
  from space 2048K, 99% used [0x00000000ebd00000,0x00000000ebefc1c8,0x00000000ebf00000)
  to   space 3072K, 0% used [0x00000000eba00000,0x00000000eba00000,0x00000000ebd00000)
 ParOldGen       total 68608K, used 43193K [0x00000000c0000000, 0x00000000c4300000, 0x00000000eab00000)
  object space 68608K, 62% used [0x00000000c0000000,0x00000000c2a2e748,0x00000000c4300000)
 Metaspace       used 52315K, committed 53376K, reserved 1114112K
  class space    used 5235K, committed 5696K, reserved 1048576K
}
Event: 92.703 GC heap before
{Heap before GC invocations=35 (full 2):
 PSYoungGen      total 17408K, used 16141K [0x00000000eab00000, 0x00000000ec000000, 0x0000000100000000)
  eden space 15360K, 91% used [0x00000000eab00000,0x00000000eb8c75a0,0x00000000eba00000)
  from space 2048K, 99% used [0x00000000ebd00000,0x00000000ebefc1c8,0x00000000ebf00000)
  to   space 3072K, 0% used [0x00000000eba00000,0x00000000eba00000,0x00000000ebd00000)
 ParOldGen       total 68608K, used 43193K [0x00000000c0000000, 0x00000000c4300000, 0x00000000eab00000)
  object space 68608K, 62% used [0x00000000c0000000,0x00000000c2a2e748,0x00000000c4300000)
 Metaspace       used 52361K, committed 53376K, reserved 1114112K
  class space    used 5235K, committed 5696K, reserved 1048576K
}
Event: 92.704 GC heap after
{Heap after GC invocations=35 (full 2):
 PSYoungGen      total 15872K, used 303K [0x00000000eab00000, 0x00000000ebd80000, 0x0000000100000000)
  eden space 15360K, 0% used [0x00000000eab00000,0x00000000eab00000,0x00000000eba00000)
  from space 512K, 59% used [0x00000000eba00000,0x00000000eba4bed0,0x00000000eba80000)
  to   space 1024K, 0% used [0x00000000ebc80000,0x00000000ebc80000,0x00000000ebd80000)
 ParOldGen       total 68608K, used 43372K [0x00000000c0000000, 0x00000000c4300000, 0x00000000eab00000)
  object space 68608K, 63% used [0x00000000c0000000,0x00000000c2a5b100,0x00000000c4300000)
 Metaspace       used 52361K, committed 53376K, reserved 1114112K
  class space    used 5235K, committed 5696K, reserved 1048576K
}
Event: 104.620 GC heap before
{Heap before GC invocations=36 (full 2):
 PSYoungGen      total 15872K, used 15663K [0x00000000eab00000, 0x00000000ebd80000, 0x0000000100000000)
  eden space 15360K, 100% used [0x00000000eab00000,0x00000000eba00000,0x00000000eba00000)
  from space 512K, 59% used [0x00000000eba00000,0x00000000eba4bed0,0x00000000eba80000)
  to   space 1024K, 0% used [0x00000000ebc80000,0x00000000ebc80000,0x00000000ebd80000)
 ParOldGen       total 68608K, used 43372K [0x00000000c0000000, 0x00000000c4300000, 0x00000000eab00000)
  object space 68608K, 63% used [0x00000000c0000000,0x00000000c2a5b100,0x00000000c4300000)
 Metaspace       used 52657K, committed 53696K, reserved 1114112K
  class space    used 5248K, committed 5696K, reserved 1048576K
}
Event: 104.624 GC heap after
{Heap after GC invocations=36 (full 2):
 PSYoungGen      total 16384K, used 529K [0x00000000eab00000, 0x00000000ebd80000, 0x0000000100000000)
  eden space 15360K, 0% used [0x00000000eab00000,0x00000000eab00000,0x00000000eba00000)
  from space 1024K, 51% used [0x00000000ebc80000,0x00000000ebd04430,0x00000000ebd80000)
  to   space 1024K, 0% used [0x00000000ebb80000,0x00000000ebb80000,0x00000000ebc80000)
 ParOldGen       total 68608K, used 43499K [0x00000000c0000000, 0x00000000c4300000, 0x00000000eab00000)
  object space 68608K, 63% used [0x00000000c0000000,0x00000000c2a7afd0,0x00000000c4300000)
 Metaspace       used 52657K, committed 53696K, reserved 1114112K
  class space    used 5248K, committed 5696K, reserved 1048576K
}
Event: 106.649 GC heap before
{Heap before GC invocations=37 (full 2):
 PSYoungGen      total 16384K, used 15889K [0x00000000eab00000, 0x00000000ebd80000, 0x0000000100000000)
  eden space 15360K, 100% used [0x00000000eab00000,0x00000000eba00000,0x00000000eba00000)
  from space 1024K, 51% used [0x00000000ebc80000,0x00000000ebd04430,0x00000000ebd80000)
  to   space 1024K, 0% used [0x00000000ebb80000,0x00000000ebb80000,0x00000000ebc80000)
 ParOldGen       total 68608K, used 43499K [0x00000000c0000000, 0x00000000c4300000, 0x00000000eab00000)
  object space 68608K, 63% used [0x00000000c0000000,0x00000000c2a7afd0,0x00000000c4300000)
 Metaspace       used 52739K, committed 53760K, reserved 1114112K
  class space    used 5248K, committed 5696K, reserved 1048576K
}
Event: 106.651 GC heap after
{Heap after GC invocations=37 (full 2):
 PSYoungGen      total 16384K, used 312K [0x00000000eab00000, 0x00000000ebd00000, 0x0000000100000000)
  eden space 15360K, 0% used [0x00000000eab00000,0x00000000eab00000,0x00000000eba00000)
  from space 1024K, 30% used [0x00000000ebb80000,0x00000000ebbce210,0x00000000ebc80000)
  to   space 512K, 0% used [0x00000000ebc80000,0x00000000ebc80000,0x00000000ebd00000)
 ParOldGen       total 68608K, used 43903K [0x00000000c0000000, 0x00000000c4300000, 0x00000000eab00000)
  object space 68608K, 63% used [0x00000000c0000000,0x00000000c2adfe68,0x00000000c4300000)
 Metaspace       used 52739K, committed 53760K, reserved 1114112K
  class space    used 5248K, committed 5696K, reserved 1048576K
}

