# JRE version: OpenJDK Runtime Environment Temurin-17.0.13+11 (17.0.13+11) (build 17.0.13+11)
# Java VM: OpenJDK 64-Bit Server VM Temurin-17.0.13+11 (17.0.13+11, mixed mode, tiered, compressed oops, compressed class ptrs, parallel gc, windows-amd64)
GC Precious Log:
 CPUs: 8 total, 8 available
 Memory: 8066M
 Large Page Support: Disabled
 NUMA Support: Disabled
 Compressed Oops: Enabled (32-bit)
 Alignments: Space 512K, Generation 512K, Heap 2M
 Heap Min Capacity: 100M
 Heap Initial Capacity: 100M
 Heap Max Capacity: 1G
 Pre-touch: Disabled
 Parallel Workers: 8
Heap:
 PSYoungGen      total 18432K, used 13809K [0x00000000eab00000, 0x00000000ec280000, 0x0000000100000000)
  eden space 14848K, 69% used [0x00000000eab00000,0x00000000eb5185a0,0x00000000eb980000)
  from space 3584K, 96% used [0x00000000ebf00000,0x00000000ec264248,0x00000000ec280000)
  to   space 4096K, 0% used [0x00000000eba80000,0x00000000eba80000,0x00000000ebe80000)
 ParOldGen       total 68608K, used 58465K [0x00000000c0000000, 0x00000000c4300000, 0x00000000eab00000)
  object space 68608K, 85% used [0x00000000c0000000,0x00000000c3918758,0x00000000c4300000)
 Metaspace       used 60386K, committed 61504K, reserved 1114112K
  class space    used 6372K, committed 6912K, reserved 1048576K
GC Heap History (20 events):
Event: 15.762 GC heap before
{Heap before GC invocations=32 (full 2):
 PSYoungGen      total 19968K, used 19836K [0x00000000eab00000, 0x00000000ec180000, 0x0000000100000000)
  eden space 17920K, 100% used [0x00000000eab00000,0x00000000ebc80000,0x00000000ebc80000)
  from space 2048K, 93% used [0x00000000ebc80000,0x00000000ebe5f2a0,0x00000000ebe80000)
  to   space 2560K, 0% used [0x00000000ebf00000,0x00000000ebf00000,0x00000000ec180000)
 ParOldGen       total 68608K, used 49374K [0x00000000c0000000, 0x00000000c4300000, 0x00000000eab00000)
  object space 68608K, 71% used [0x00000000c0000000,0x00000000c3037828,0x00000000c4300000)
 Metaspace       used 56938K, committed 58048K, reserved 1114112K
  class space    used 6090K, committed 6656K, reserved 1048576K
}
Event: 15.768 GC heap after
{Heap after GC invocations=32 (full 2):
 PSYoungGen      total 19456K, used 1535K [0x00000000eab00000, 0x00000000ec080000, 0x0000000100000000)
  eden space 17920K, 0% used [0x00000000eab00000,0x00000000eab00000,0x00000000ebc80000)
  from space 1536K, 99% used [0x00000000ebf00000,0x00000000ec07ff00,0x00000000ec080000)
  to   space 2048K, 0% used [0x00000000ebc80000,0x00000000ebc80000,0x00000000ebe80000)
 ParOldGen       total 68608K, used 51085K [0x00000000c0000000, 0x00000000c4300000, 0x00000000eab00000)
  object space 68608K, 74% used [0x00000000c0000000,0x00000000c31e3448,0x00000000c4300000)
 Metaspace       used 56938K, committed 58048K, reserved 1114112K
  class space    used 6090K, committed 6656K, reserved 1048576K
}
Event: 16.064 GC heap before
{Heap before GC invocations=33 (full 2):
 PSYoungGen      total 19456K, used 19455K [0x00000000eab00000, 0x00000000ec080000, 0x0000000100000000)
  eden space 17920K, 100% used [0x00000000eab00000,0x00000000ebc80000,0x00000000ebc80000)
  from space 1536K, 99% used [0x00000000ebf00000,0x00000000ec07ff00,0x00000000ec080000)
  to   space 2048K, 0% used [0x00000000ebc80000,0x00000000ebc80000,0x00000000ebe80000)
 ParOldGen       total 68608K, used 51085K [0x00000000c0000000, 0x00000000c4300000, 0x00000000eab00000)
  object space 68608K, 74% used [0x00000000c0000000,0x00000000c31e3448,0x00000000c4300000)
 Metaspace       used 57600K, committed 58688K, reserved 1114112K
  class space    used 6153K, committed 6656K, reserved 1048576K
}
Event: 16.068 GC heap after
{Heap after GC invocations=33 (full 2):
 PSYoungGen      total 19968K, used 2031K [0x00000000eab00000, 0x00000000ec480000, 0x0000000100000000)
  eden space 17920K, 0% used [0x00000000eab00000,0x00000000eab00000,0x00000000ebc80000)
  from space 2048K, 99% used [0x00000000ebc80000,0x00000000ebe7bf70,0x00000000ebe80000)
  to   space 4096K, 0% used [0x00000000ec080000,0x00000000ec080000,0x00000000ec480000)
 ParOldGen       total 68608K, used 52571K [0x00000000c0000000, 0x00000000c4300000, 0x00000000eab00000)
  object space 68608K, 76% used [0x00000000c0000000,0x00000000c3356dc8,0x00000000c4300000)
 Metaspace       used 57600K, committed 58688K, reserved 1114112K
  class space    used 6153K, committed 6656K, reserved 1048576K
}
Event: 16.387 GC heap before
{Heap before GC invocations=34 (full 2):
 PSYoungGen      total 19968K, used 19951K [0x00000000eab00000, 0x00000000ec480000, 0x0000000100000000)
  eden space 17920K, 100% used [0x00000000eab00000,0x00000000ebc80000,0x00000000ebc80000)
  from space 2048K, 99% used [0x00000000ebc80000,0x00000000ebe7bf70,0x00000000ebe80000)
  to   space 4096K, 0% used [0x00000000ec080000,0x00000000ec080000,0x00000000ec480000)
 ParOldGen       total 68608K, used 52571K [0x00000000c0000000, 0x00000000c4300000, 0x00000000eab00000)
  object space 68608K, 76% used [0x00000000c0000000,0x00000000c3356dc8,0x00000000c4300000)
 Metaspace       used 58502K, committed 59584K, reserved 1114112K
  class space    used 6199K, committed 6720K, reserved 1048576K
}
Event: 16.394 GC heap after
{Heap after GC invocations=34 (full 2):
 PSYoungGen      total 18944K, used 4072K [0x00000000eab00000, 0x00000000eca80000, 0x0000000100000000)
  eden space 14848K, 0% used [0x00000000eab00000,0x00000000eab00000,0x00000000eb980000)
  from space 4096K, 99% used [0x00000000ec080000,0x00000000ec47a218,0x00000000ec480000)
  to   space 7168K, 0% used [0x00000000eb980000,0x00000000eb980000,0x00000000ec080000)
 ParOldGen       total 68608K, used 55016K [0x00000000c0000000, 0x00000000c4300000, 0x00000000eab00000)
  object space 68608K, 80% used [0x00000000c0000000,0x00000000c35ba2a0,0x00000000c4300000)
 Metaspace       used 58502K, committed 59584K, reserved 1114112K
  class space    used 6199K, committed 6720K, reserved 1048576K
}
Event: 16.474 GC heap before
{Heap before GC invocations=35 (full 2):
 PSYoungGen      total 18944K, used 18920K [0x00000000eab00000, 0x00000000eca80000, 0x0000000100000000)
  eden space 14848K, 100% used [0x00000000eab00000,0x00000000eb980000,0x00000000eb980000)
  from space 4096K, 99% used [0x00000000ec080000,0x00000000ec47a218,0x00000000ec480000)
  to   space 7168K, 0% used [0x00000000eb980000,0x00000000eb980000,0x00000000ec080000)
 ParOldGen       total 68608K, used 55016K [0x00000000c0000000, 0x00000000c4300000, 0x00000000eab00000)
  object space 68608K, 80% used [0x00000000c0000000,0x00000000c35ba2a0,0x00000000c4300000)
 Metaspace       used 58523K, committed 59584K, reserved 1114112K
  class space    used 6199K, committed 6720K, reserved 1048576K
}
Event: 16.485 GC heap after
{Heap after GC invocations=35 (full 2):
 PSYoungGen      total 16896K, used 1925K [0x00000000eab00000, 0x00000000ec180000, 0x0000000100000000)
  eden space 14848K, 0% used [0x00000000eab00000,0x00000000eab00000,0x00000000eb980000)
  from space 2048K, 94% used [0x00000000eb980000,0x00000000ebb615c8,0x00000000ebb80000)
  to   space 4096K, 0% used [0x00000000ebd80000,0x00000000ebd80000,0x00000000ec180000)
 ParOldGen       total 68608K, used 58955K [0x00000000c0000000, 0x00000000c4300000, 0x00000000eab00000)
  object space 68608K, 85% used [0x00000000c0000000,0x00000000c3992cd0,0x00000000c4300000)
 Metaspace       used 58523K, committed 59584K, reserved 1114112K
  class space    used 6199K, committed 6720K, reserved 1048576K
}
Event: 16.554 GC heap before
{Heap before GC invocations=36 (full 2):
 PSYoungGen      total 16896K, used 16773K [0x00000000eab00000, 0x00000000ec180000, 0x0000000100000000)
  eden space 14848K, 100% used [0x00000000eab00000,0x00000000eb980000,0x00000000eb980000)
  from space 2048K, 94% used [0x00000000eb980000,0x00000000ebb615c8,0x00000000ebb80000)
  to   space 4096K, 0% used [0x00000000ebd80000,0x00000000ebd80000,0x00000000ec180000)
 ParOldGen       total 68608K, used 58955K [0x00000000c0000000, 0x00000000c4300000, 0x00000000eab00000)
  object space 68608K, 85% used [0x00000000c0000000,0x00000000c3992cd0,0x00000000c4300000)
 Metaspace       used 58525K, committed 59648K, reserved 1114112K
  class space    used 6199K, committed 6720K, reserved 1048576K
}
Event: 16.557 GC heap after
{Heap after GC invocations=36 (full 2):
 PSYoungGen      total 16384K, used 1081K [0x00000000eab00000, 0x00000000ebf00000, 0x0000000100000000)
  eden space 14848K, 0% used [0x00000000eab00000,0x00000000eab00000,0x00000000eb980000)
  from space 1536K, 70% used [0x00000000ebd80000,0x00000000ebe8e468,0x00000000ebf00000)
  to   space 2048K, 0% used [0x00000000ebb00000,0x00000000ebb00000,0x00000000ebd00000)
 ParOldGen       total 68608K, used 59897K [0x00000000c0000000, 0x00000000c4300000, 0x00000000eab00000)
  object space 68608K, 87% used [0x00000000c0000000,0x00000000c3a7e538,0x00000000c4300000)
 Metaspace       used 58525K, committed 59648K, reserved 1114112K
  class space    used 6199K, committed 6720K, reserved 1048576K
}
Event: 16.579 GC heap before
{Heap before GC invocations=37 (full 2):
 PSYoungGen      total 16384K, used 5523K [0x00000000eab00000, 0x00000000ebf00000, 0x0000000100000000)
  eden space 14848K, 29% used [0x00000000eab00000,0x00000000eaf567b0,0x00000000eb980000)
  from space 1536K, 70% used [0x00000000ebd80000,0x00000000ebe8e468,0x00000000ebf00000)
  to   space 2048K, 0% used [0x00000000ebb00000,0x00000000ebb00000,0x00000000ebd00000)
 ParOldGen       total 68608K, used 59897K [0x00000000c0000000, 0x00000000c4300000, 0x00000000eab00000)
  object space 68608K, 87% used [0x00000000c0000000,0x00000000c3a7e538,0x00000000c4300000)
 Metaspace       used 58725K, committed 59776K, reserved 1114112K
  class space    used 6207K, committed 6720K, reserved 1048576K
}
Event: 16.580 GC heap after
{Heap after GC invocations=37 (full 2):
 PSYoungGen      total 16896K, used 384K [0x00000000eab00000, 0x00000000ebe00000, 0x0000000100000000)
  eden space 14848K, 0% used [0x00000000eab00000,0x00000000eab00000,0x00000000eb980000)
  from space 2048K, 18% used [0x00000000ebb00000,0x00000000ebb60000,0x00000000ebd00000)
  to   space 1024K, 0% used [0x00000000ebd00000,0x00000000ebd00000,0x00000000ebe00000)
 ParOldGen       total 68608K, used 60009K [0x00000000c0000000, 0x00000000c4300000, 0x00000000eab00000)
  object space 68608K, 87% used [0x00000000c0000000,0x00000000c3a9a5f8,0x00000000c4300000)
 Metaspace       used 58725K, committed 59776K, reserved 1114112K
  class space    used 6207K, committed 6720K, reserved 1048576K
}
Event: 16.580 GC heap before
{Heap before GC invocations=38 (full 3):
 PSYoungGen      total 16896K, used 384K [0x00000000eab00000, 0x00000000ebe00000, 0x0000000100000000)
  eden space 14848K, 0% used [0x00000000eab00000,0x00000000eab00000,0x00000000eb980000)
  from space 2048K, 18% used [0x00000000ebb00000,0x00000000ebb60000,0x00000000ebd00000)
  to   space 1024K, 0% used [0x00000000ebd00000,0x00000000ebd00000,0x00000000ebe00000)
 ParOldGen       total 68608K, used 60009K [0x00000000c0000000, 0x00000000c4300000, 0x00000000eab00000)
  object space 68608K, 87% used [0x00000000c0000000,0x00000000c3a9a5f8,0x00000000c4300000)
 Metaspace       used 58725K, committed 59776K, reserved 1114112K
  class space    used 6207K, committed 6720K, reserved 1048576K
}
Event: 16.710 GC heap after
{Heap after GC invocations=38 (full 3):
 PSYoungGen      total 16896K, used 0K [0x00000000eab00000, 0x00000000ebe00000, 0x0000000100000000)
  eden space 14848K, 0% used [0x00000000eab00000,0x00000000eab00000,0x00000000eb980000)
  from space 2048K, 0% used [0x00000000ebb00000,0x00000000ebb00000,0x00000000ebd00000)
  to   space 1024K, 0% used [0x00000000ebd00000,0x00000000ebd00000,0x00000000ebe00000)
 ParOldGen       total 68608K, used 52361K [0x00000000c0000000, 0x00000000c4300000, 0x00000000eab00000)
  object space 68608K, 76% used [0x00000000c0000000,0x00000000c3322608,0x00000000c4300000)
 Metaspace       used 58725K, committed 59776K, reserved 1114112K
  class space    used 6207K, committed 6720K, reserved 1048576K
}
Event: 16.824 GC heap before
{Heap before GC invocations=39 (full 3):
 PSYoungGen      total 16896K, used 14848K [0x00000000eab00000, 0x00000000ebe00000, 0x0000000100000000)
  eden space 14848K, 100% used [0x00000000eab00000,0x00000000eb980000,0x00000000eb980000)
  from space 2048K, 0% used [0x00000000ebb00000,0x00000000ebb00000,0x00000000ebd00000)
  to   space 1024K, 0% used [0x00000000ebd00000,0x00000000ebd00000,0x00000000ebe00000)
 ParOldGen       total 68608K, used 52361K [0x00000000c0000000, 0x00000000c4300000, 0x00000000eab00000)
  object space 68608K, 76% used [0x00000000c0000000,0x00000000c3322608,0x00000000c4300000)
 Metaspace       used 59399K, committed 60480K, reserved 1114112K
  class space    used 6289K, committed 6784K, reserved 1048576K
}
Event: 16.827 GC heap after
{Heap after GC invocations=39 (full 3):
 PSYoungGen      total 15872K, used 1024K [0x00000000eab00000, 0x00000000ebf80000, 0x0000000100000000)
  eden space 14848K, 0% used [0x00000000eab00000,0x00000000eab00000,0x00000000eb980000)
  from space 1024K, 100% used [0x00000000ebd00000,0x00000000ebe00000,0x00000000ebe00000)
  to   space 3072K, 0% used [0x00000000eb980000,0x00000000eb980000,0x00000000ebc80000)
 ParOldGen       total 68608K, used 53745K [0x00000000c0000000, 0x00000000c4300000, 0x00000000eab00000)
  object space 68608K, 78% used [0x00000000c0000000,0x00000000c347c7a8,0x00000000c4300000)
 Metaspace       used 59399K, committed 60480K, reserved 1114112K
  class space    used 6289K, committed 6784K, reserved 1048576K
}
Event: 17.315 GC heap before
{Heap before GC invocations=40 (full 3):
 PSYoungGen      total 15872K, used 15872K [0x00000000eab00000, 0x00000000ebf80000, 0x0000000100000000)
  eden space 14848K, 100% used [0x00000000eab00000,0x00000000eb980000,0x00000000eb980000)
  from space 1024K, 100% used [0x00000000ebd00000,0x00000000ebe00000,0x00000000ebe00000)
  to   space 3072K, 0% used [0x00000000eb980000,0x00000000eb980000,0x00000000ebc80000)
 ParOldGen       total 68608K, used 53745K [0x00000000c0000000, 0x00000000c4300000, 0x00000000eab00000)
  object space 68608K, 78% used [0x00000000c0000000,0x00000000c347c7a8,0x00000000c4300000)
 Metaspace       used 59738K, committed 60864K, reserved 1114112K
  class space    used 6303K, committed 6848K, reserved 1048576K
}
Event: 17.324 GC heap after
{Heap after GC invocations=40 (full 3):
 PSYoungGen      total 17920K, used 3042K [0x00000000eab00000, 0x00000000ec480000, 0x0000000100000000)
  eden space 14848K, 0% used [0x00000000eab00000,0x00000000eab00000,0x00000000eb980000)
  from space 3072K, 99% used [0x00000000eb980000,0x00000000ebc78ad0,0x00000000ebc80000)
  to   space 5632K, 0% used [0x00000000ebf00000,0x00000000ebf00000,0x00000000ec480000)
 ParOldGen       total 68608K, used 55438K [0x00000000c0000000, 0x00000000c4300000, 0x00000000eab00000)
  object space 68608K, 80% used [0x00000000c0000000,0x00000000c3623930,0x00000000c4300000)
 Metaspace       used 59738K, committed 60864K, reserved 1114112K
  class space    used 6303K, committed 6848K, reserved 1048576K
}
Event: 17.651 GC heap before
{Heap before GC invocations=41 (full 3):
 PSYoungGen      total 17920K, used 17890K [0x00000000eab00000, 0x00000000ec480000, 0x0000000100000000)
  eden space 14848K, 99% used [0x00000000eab00000,0x00000000eb97fff8,0x00000000eb980000)
  from space 3072K, 99% used [0x00000000eb980000,0x00000000ebc78ad0,0x00000000ebc80000)
  to   space 5632K, 0% used [0x00000000ebf00000,0x00000000ebf00000,0x00000000ec480000)
 ParOldGen       total 68608K, used 55438K [0x00000000c0000000, 0x00000000c4300000, 0x00000000eab00000)
  object space 68608K, 80% used [0x00000000c0000000,0x00000000c3623930,0x00000000c4300000)
 Metaspace       used 60182K, committed 61376K, reserved 1114112K
  class space    used 6355K, committed 6912K, reserved 1048576K
}
Event: 17.659 GC heap after
{Heap after GC invocations=41 (full 3):
 PSYoungGen      total 18432K, used 3472K [0x00000000eab00000, 0x00000000ec280000, 0x0000000100000000)
  eden space 14848K, 0% used [0x00000000eab00000,0x00000000eab00000,0x00000000eb980000)
  from space 3584K, 96% used [0x00000000ebf00000,0x00000000ec264248,0x00000000ec280000)
  to   space 4096K, 0% used [0x00000000eba80000,0x00000000eba80000,0x00000000ebe80000)
 ParOldGen       total 68608K, used 58465K [0x00000000c0000000, 0x00000000c4300000, 0x00000000eab00000)
  object space 68608K, 85% used [0x00000000c0000000,0x00000000c3918758,0x00000000c4300000)
 Metaspace       used 60182K, committed 61376K, reserved 1114112K
  class space    used 6355K, committed 6912K, reserved 1048576K
}

